Using pre-set license

 COMMAND LINE ARGUMENTS:
/Applications/Unity/Hub/Editor/2020.3.4f1/Unity.app/Contents/MacOS/Unity
-adb2
-batchMode
-noUpm
-name
AssetImportWorker0
-projectPath
/Users/furkanbedir/Desktop/UnityProjects/stackerman3d
-logFile
Logs/AssetImportWorker0.log
-srvPort
52305
Successfully changed project path to: /Users/furkanbedir/Desktop/UnityProjects/stackerman3d
/Users/furkanbedir/Desktop/UnityProjects/stackerman3d
Using Asset Import Pipeline V2.
Refreshing native plugins compatible for Editor in 40.28 ms, found 3 plugins.
Preloading 0 native plugins for Editor in 0.00 ms.
Initialize engine version: 2020.3.4f1 (0abb6314276a)
[Subsystems] Discovering subsystems at path /Applications/Unity/Hub/Editor/2020.3.4f1/Unity.app/Contents/Resources/UnitySubsystems
[Subsystems] Discovering subsystems at path /Users/furkanbedir/Desktop/UnityProjects/stackerman3d/Assets
GfxDevice: creating device client; threaded=0
2021-08-30 01:07:08.476 Unity[9899:144222] (null) preferred device: Apple M1 (high power)
2021-08-30 01:07:08.476 Unity[9899:144222] Metal devices available: 1
2021-08-30 01:07:08.476 Unity[9899:144222] 0: Apple M1 (high power)
2021-08-30 01:07:08.477 Unity[9899:144222] Using device Apple M1 (high power)
Initializing Metal device caps: Apple M1
Initialize mono
Mono path[0] = '/Applications/Unity/Hub/Editor/2020.3.4f1/Unity.app/Contents/Managed'
Mono path[1] = '/Applications/Unity/Hub/Editor/2020.3.4f1/Unity.app/Contents/MonoBleedingEdge/lib/mono/unityjit'
Mono config path = '/Applications/Unity/Hub/Editor/2020.3.4f1/Unity.app/Contents/MonoBleedingEdge/etc'
Using monoOptions --debugger-agent=transport=dt_socket,embedding=1,server=y,suspend=n,address=127.0.0.1:56899
Begin MonoManager ReloadAssembly
Registering precompiled unity dll's ...
Register platform support module: /Applications/Unity/Hub/Editor/2020.3.4f1/Unity.app/Contents/PlaybackEngines/MacStandaloneSupport/UnityEditor.OSXStandalone.Extensions.dll
Registered in 0.001731 seconds.
Native extension for OSXStandalone target not found
Refreshing native plugins compatible for Editor in 39.66 ms, found 3 plugins.
Preloading 0 native plugins for Editor in 0.00 ms.
Mono: successfully reloaded assembly
- Completed reload, in  1.650 seconds
Platform modules already initialized, skipping
Registering precompiled user dll's ...
Registered in 0.000902 seconds.
Begin MonoManager ReloadAssembly
Native extension for OSXStandalone target not found
Refreshing native plugins compatible for Editor in 0.38 ms, found 3 plugins.
Preloading 0 native plugins for Editor in 0.00 ms.
Mono: successfully reloaded assembly
- Completed reload, in  1.695 seconds
Platform modules already initialized, skipping
========================================================================
Worker process is ready to serve import requests
Launching external process: /Applications/Unity/Hub/Editor/2020.3.4f1/Unity.app/Contents/Tools/UnityShaderCompiler
Launched and connected shader compiler UnityShaderCompiler after 0.03 seconds
Refreshing native plugins compatible for Editor in 0.37 ms, found 3 plugins.
Preloading 0 native plugins for Editor in 0.00 ms.
Unloading 1611 Unused Serialized files (Serialized files now loaded: 0)
System memory in use before: 129.8 MB.
System memory in use after: 129.9 MB.

Unloading 17 unused Assets to reduce memory usage. Loaded Objects now: 2049.
Total: 1.615083 ms (FindLiveObjects: 0.134958 ms CreateObjectMapping: 0.031375 ms MarkObjects: 1.395250 ms  DeleteObjects: 0.052375 ms)

========================================================================
Received Import Request.
  path: Assets/_TerrainAutoUpgrade/layer_Prototype Black3d3aba195e4d26ee.terrainlayer
  artifactKey: Guid(ecf5b56411c497c4794cfb716eb766a6) Importer(815301076,1909f56bfc062723c751e8b465ee728b)
Start importing Assets/_TerrainAutoUpgrade/layer_Prototype Black3d3aba195e4d26ee.terrainlayer using Guid(ecf5b56411c497c4794cfb716eb766a6) Importer(815301076,1909f56bfc062723c751e8b465ee728b)  -> (artifact id: 'ba2d92b06ad04972638e1037a7d661b4') in 0.575569 seconds
  Import took 0.578727 seconds .

========================================================================
Received Import Request.
  Time since last request: 49.368839 seconds.
  path: Assets
  artifactKey: Guid(00000000000000001000000000000000) Importer(815301076,1909f56bfc062723c751e8b465ee728b)
Start importing Assets using Guid(00000000000000001000000000000000) Importer(815301076,1909f56bfc062723c751e8b465ee728b)  -> (artifact id: '025e4f587c23674256bb898581e82961') in 0.000814 seconds
  Import took 0.003834 seconds .

========================================================================
Received Import Request.
  Time since last request: 0.001431 seconds.
  path: Assets
  artifactKey: Guid(00000000000000001000000000000000) Importer(815301076,1909f56bfc062723c751e8b465ee728b)
Start importing Assets using Guid(00000000000000001000000000000000) Importer(815301076,1909f56bfc062723c751e8b465ee728b)  -> (artifact id: '025e4f587c23674256bb898581e82961') in 0.000810 seconds
  Import took 0.003238 seconds .

========================================================================
Received Import Request.
  Time since last request: 14.351441 seconds.
  path: Assets/Fonts/Baloo_Bhai_2/BalooBhai2-Bold.ttf
  artifactKey: Guid(4c334e216c746254393d7e8e80cd6b8d) Importer(815301076,1909f56bfc062723c751e8b465ee728b)
Start importing Assets/Fonts/Baloo_Bhai_2/BalooBhai2-Bold.ttf using Guid(4c334e216c746254393d7e8e80cd6b8d) Importer(815301076,1909f56bfc062723c751e8b465ee728b)  -> (artifact id: '6fb4ce2329583f53b7e07c1beb73dbef') in 1.129189 seconds
  Import took 1.132523 seconds .

========================================================================
Received Import Request.
  Time since last request: 0.000205 seconds.
  path: Assets/GUI Mobile Hyper-Casual/Artwork PSD + Screens/SCREENS/Prize Machine.jpg
  artifactKey: Guid(1a75368762510e6468c63bf7e52efd80) Importer(815301076,1909f56bfc062723c751e8b465ee728b)
Start importing Assets/GUI Mobile Hyper-Casual/Artwork PSD + Screens/SCREENS/Prize Machine.jpg using Guid(1a75368762510e6468c63bf7e52efd80) Importer(815301076,1909f56bfc062723c751e8b465ee728b)  -> (artifact id: 'deb11ae9abff5bc96eb84ecbf16ce0a4') in 0.507154 seconds
  Import took 0.509773 seconds .

========================================================================
Received Import Request.
  Time since last request: 0.000230 seconds.
  path: Assets/GUI Mobile Hyper-Casual/Artwork PSD + Screens/SCREENS/In game.jpg
  artifactKey: Guid(be5ab16ec2dd10b4bb27fb3637bc1c63) Importer(815301076,1909f56bfc062723c751e8b465ee728b)
Start importing Assets/GUI Mobile Hyper-Casual/Artwork PSD + Screens/SCREENS/In game.jpg using Guid(be5ab16ec2dd10b4bb27fb3637bc1c63) Importer(815301076,1909f56bfc062723c751e8b465ee728b)  -> (artifact id: '9a36995517305ce5e91bb204a9f24454') in 0.019243 seconds
  Import took 0.022083 seconds .

========================================================================
Received Import Request.
  Time since last request: 0.000308 seconds.
  path: Assets/GUI Mobile Hyper-Casual/Artwork PSD + Screens/SCREENS/Boutons 2.jpg
  artifactKey: Guid(68262cb7b8312aa47a186adff07b44eb) Importer(815301076,1909f56bfc062723c751e8b465ee728b)
Start importing Assets/GUI Mobile Hyper-Casual/Artwork PSD + Screens/SCREENS/Boutons 2.jpg using Guid(68262cb7b8312aa47a186adff07b44eb) Importer(815301076,1909f56bfc062723c751e8b465ee728b)  -> (artifact id: 'f941e69bdb24c306f676a15df86e08ca') in 0.030424 seconds
  Import took 0.033099 seconds .

========================================================================
Received Import Request.
  Time since last request: 0.000201 seconds.
  path: Assets/GUI Mobile Hyper-Casual/Artwork PSD + Screens/SCREENS/Prize Machine2.jpg
  artifactKey: Guid(4b703e76444c54a409545c02c86e116a) Importer(815301076,1909f56bfc062723c751e8b465ee728b)
Start importing Assets/GUI Mobile Hyper-Casual/Artwork PSD + Screens/SCREENS/Prize Machine2.jpg using Guid(4b703e76444c54a409545c02c86e116a) Importer(815301076,1909f56bfc062723c751e8b465ee728b)  -> (artifact id: '35e98b1b83cbad2a66e3dbe28af2d669') in 0.013817 seconds
  Import took 0.016289 seconds .

========================================================================
Received Import Request.
  Time since last request: 0.000316 seconds.
  path: Assets/GUI Mobile Hyper-Casual/Artwork PSD + Screens/SCREENS/Daily.jpg
  artifactKey: Guid(8bc06d24fb25274488582408d857243f) Importer(815301076,1909f56bfc062723c751e8b465ee728b)
Start importing Assets/GUI Mobile Hyper-Casual/Artwork PSD + Screens/SCREENS/Daily.jpg using Guid(8bc06d24fb25274488582408d857243f) Importer(815301076,1909f56bfc062723c751e8b465ee728b)  -> (artifact id: 'aae99b53e0d8cb6b749dbe24cfad226b') in 0.013215 seconds
  Import took 0.015459 seconds .

========================================================================
Received Import Request.
  Time since last request: 0.000334 seconds.
  path: Assets/GUI Mobile Hyper-Casual/Artwork PSD + Screens/PSD/Prize Machine.psd
  artifactKey: Guid(a0e1f1458b0d2bc46828bbc9375aca82) Importer(815301076,1909f56bfc062723c751e8b465ee728b)
Start importing Assets/GUI Mobile Hyper-Casual/Artwork PSD + Screens/PSD/Prize Machine.psd using Guid(a0e1f1458b0d2bc46828bbc9375aca82) Importer(815301076,1909f56bfc062723c751e8b465ee728b)  -> (artifact id: '8be712e132adcaf0550d55715b2aa04b') in 0.481071 seconds
  Import took 0.483433 seconds .

========================================================================
Received Import Request.
  Time since last request: 0.000231 seconds.
  path: Assets/GUI Mobile Hyper-Casual/Artwork PSD + Screens/SCREENS/Start Again.jpg
  artifactKey: Guid(1bc9ea74bcec0a54fb2a9b217e090a1e) Importer(815301076,1909f56bfc062723c751e8b465ee728b)
Start importing Assets/GUI Mobile Hyper-Casual/Artwork PSD + Screens/SCREENS/Start Again.jpg using Guid(1bc9ea74bcec0a54fb2a9b217e090a1e) Importer(815301076,1909f56bfc062723c751e8b465ee728b)  -> (artifact id: 'ebaecc64c3bdfedd956305f30dead349') in 0.016517 seconds
  Import took 0.019153 seconds .

========================================================================
Received Import Request.
  Time since last request: 0.000270 seconds.
  path: Assets/Fonts/Baloo_Bhai_2/BalooBhai2-Regular.ttf
  artifactKey: Guid(6ffb5f39bfb68b045bcbc9a3d04599df) Importer(815301076,1909f56bfc062723c751e8b465ee728b)
Start importing Assets/Fonts/Baloo_Bhai_2/BalooBhai2-Regular.ttf using Guid(6ffb5f39bfb68b045bcbc9a3d04599df) Importer(815301076,1909f56bfc062723c751e8b465ee728b)  -> (artifact id: 'facb26d4717e05847996b18c4ca6de65') in 0.013678 seconds
  Import took 0.015943 seconds .

========================================================================
Received Import Request.
  Time since last request: 0.000188 seconds.
  path: Assets/GUI Mobile Hyper-Casual/Artwork PSD + Screens/SCREENS/Win 4.jpg
  artifactKey: Guid(a25648e2584a9364195b871132992a00) Importer(815301076,1909f56bfc062723c751e8b465ee728b)
Start importing Assets/GUI Mobile Hyper-Casual/Artwork PSD + Screens/SCREENS/Win 4.jpg using Guid(a25648e2584a9364195b871132992a00) Importer(815301076,1909f56bfc062723c751e8b465ee728b)  -> (artifact id: '1666268b21d0140d621411d892e44083') in 0.015672 seconds
  Import took 0.018027 seconds .

========================================================================
Received Import Request.
  Time since last request: 0.000209 seconds.
  path: Assets/Fonts/Baloo_Bhai_2/BalooBhai2-SemiBold.ttf
  artifactKey: Guid(c06be0068088a2640b5bbc8b49797801) Importer(815301076,1909f56bfc062723c751e8b465ee728b)
Start importing Assets/Fonts/Baloo_Bhai_2/BalooBhai2-SemiBold.ttf using Guid(c06be0068088a2640b5bbc8b49797801) Importer(815301076,1909f56bfc062723c751e8b465ee728b)  -> (artifact id: 'e9662c4725f58e8cf0fce49d2e26e626') in 0.007997 seconds
  Import took 0.010135 seconds .

========================================================================
Received Import Request.
  Time since last request: 0.000247 seconds.
  path: Assets/GUI Mobile Hyper-Casual/Artwork PSD + Screens/SCREENS/Set Emojis.jpg
  artifactKey: Guid(aa43c9881997ae046ad86089310c1550) Importer(815301076,1909f56bfc062723c751e8b465ee728b)
Start importing Assets/GUI Mobile Hyper-Casual/Artwork PSD + Screens/SCREENS/Set Emojis.jpg using Guid(aa43c9881997ae046ad86089310c1550) Importer(815301076,1909f56bfc062723c751e8b465ee728b)  -> (artifact id: '88783cefbc947d744ceb5f941618516d') in 0.014032 seconds
  Import took 0.015852 seconds .

========================================================================
Received Import Request.
  Time since last request: 0.000329 seconds.
  path: Assets/GUI Mobile Hyper-Casual/Artwork PSD + Screens/SCREENS/Win 1.jpg
  artifactKey: Guid(b61725024ae638047b615b241b6607a7) Importer(815301076,1909f56bfc062723c751e8b465ee728b)
Start importing Assets/GUI Mobile Hyper-Casual/Artwork PSD + Screens/SCREENS/Win 1.jpg using Guid(b61725024ae638047b615b241b6607a7) Importer(815301076,1909f56bfc062723c751e8b465ee728b)  -> (artifact id: '3d7ca6961f86a357f713755f6742f043') in 0.014294 seconds
  Import took 0.016777 seconds .

========================================================================
Received Import Request.
  Time since last request: 0.000222 seconds.
  path: Assets/Fonts/Baloo_Bhai_2/BalooBhai2-ExtraBold SDF.asset
  artifactKey: Guid(31664d62f2ce2cd4895a4855121383ce) Importer(815301076,1909f56bfc062723c751e8b465ee728b)
Start importing Assets/Fonts/Baloo_Bhai_2/BalooBhai2-ExtraBold SDF.asset using Guid(31664d62f2ce2cd4895a4855121383ce) Importer(815301076,1909f56bfc062723c751e8b465ee728b)  -> (artifact id: '53d2a3205b4e21b475776548527dfe0a') in 0.204662 seconds
  Import took 0.207788 seconds .

========================================================================
Received Import Request.
  Time since last request: 0.000249 seconds.
  path: Assets/GUI Mobile Hyper-Casual/Artwork PSD + Screens/PSD/In Game.psd
  artifactKey: Guid(3c77121e37cff6943b2b710bd8c30db2) Importer(815301076,1909f56bfc062723c751e8b465ee728b)
Start importing Assets/GUI Mobile Hyper-Casual/Artwork PSD + Screens/PSD/In Game.psd using Guid(3c77121e37cff6943b2b710bd8c30db2) Importer(815301076,1909f56bfc062723c751e8b465ee728b)  -> (artifact id: '18ac1b472974f92d3e7bb1f954a837a7') in 0.013606 seconds
  Import took 0.015583 seconds .

========================================================================
Received Import Request.
  Time since last request: 0.000231 seconds.
  path: Assets/Fonts/Baloo_Bhai_2/BalooBhai2-Medium.ttf
  artifactKey: Guid(956d72d3b883dd347b3357713f2132b0) Importer(815301076,1909f56bfc062723c751e8b465ee728b)
Start importing Assets/Fonts/Baloo_Bhai_2/BalooBhai2-Medium.ttf using Guid(956d72d3b883dd347b3357713f2132b0) Importer(815301076,1909f56bfc062723c751e8b465ee728b)  -> (artifact id: 'a8a74c1d2c2667b6b32c67e6d3a4b713') in 0.010468 seconds
  Import took 0.012795 seconds .

========================================================================
Received Import Request.
  Time since last request: 0.000306 seconds.
  path: Assets/GUI Mobile Hyper-Casual/Artwork PSD + Screens/SCREENS/Bonus.jpg
  artifactKey: Guid(d523bb7198db0b44ebe8bf346645ca41) Importer(815301076,1909f56bfc062723c751e8b465ee728b)
Start importing Assets/GUI Mobile Hyper-Casual/Artwork PSD + Screens/SCREENS/Bonus.jpg using Guid(d523bb7198db0b44ebe8bf346645ca41) Importer(815301076,1909f56bfc062723c751e8b465ee728b)  -> (artifact id: '6bce0e43e75422c4cea05315fb145f0d') in 0.013204 seconds
  Import took 0.015310 seconds .

========================================================================
Received Import Request.
  Time since last request: 0.000208 seconds.
  path: Assets/GUI Mobile Hyper-Casual/Artwork PSD + Screens/SCREENS/Challenge.jpg
  artifactKey: Guid(27cecdf761f0c9b4eaad689cb5513737) Importer(815301076,1909f56bfc062723c751e8b465ee728b)
Start importing Assets/GUI Mobile Hyper-Casual/Artwork PSD + Screens/SCREENS/Challenge.jpg using Guid(27cecdf761f0c9b4eaad689cb5513737) Importer(815301076,1909f56bfc062723c751e8b465ee728b)  -> (artifact id: '9c384d8a2f1132ddb60563a4b5183ab6') in 0.015572 seconds
  Import took 0.017508 seconds .

========================================================================
Received Import Request.
  Time since last request: 0.000228 seconds.
  path: Assets/GUI Mobile Hyper-Casual/Artwork PSD + Screens/SCREENS/Win 2.jpg
  artifactKey: Guid(88c1e5be450a95340b20d2ce50ee6e27) Importer(815301076,1909f56bfc062723c751e8b465ee728b)
Start importing Assets/GUI Mobile Hyper-Casual/Artwork PSD + Screens/SCREENS/Win 2.jpg using Guid(88c1e5be450a95340b20d2ce50ee6e27) Importer(815301076,1909f56bfc062723c751e8b465ee728b)  -> (artifact id: '11f4cdd2da4e2a2b68b39f1bb58e34e4') in 0.013371 seconds
  Import took 0.015695 seconds .

========================================================================
Received Import Request.
  Time since last request: 0.000402 seconds.
  path: Assets/GUI Mobile Hyper-Casual/Artwork PSD + Screens/SCREENS/Win3.jpg
  artifactKey: Guid(8713e93c8711c194ab128e71a0ae82e1) Importer(815301076,1909f56bfc062723c751e8b465ee728b)
Start importing Assets/GUI Mobile Hyper-Casual/Artwork PSD + Screens/SCREENS/Win3.jpg using Guid(8713e93c8711c194ab128e71a0ae82e1) Importer(815301076,1909f56bfc062723c751e8b465ee728b)  -> (artifact id: '3588f3de8341a5607979ef61f2aba09a') in 0.013323 seconds
  Import took 0.015659 seconds .

========================================================================
Received Import Request.
  Time since last request: 0.000289 seconds.
  path: Assets/GUI Mobile Hyper-Casual/Artwork PSD + Screens/PSD/Buttons.psd
  artifactKey: Guid(00cd31f7129f02c42b7337728dc1cb99) Importer(815301076,1909f56bfc062723c751e8b465ee728b)
Start importing Assets/GUI Mobile Hyper-Casual/Artwork PSD + Screens/PSD/Buttons.psd using Guid(00cd31f7129f02c42b7337728dc1cb99) Importer(815301076,1909f56bfc062723c751e8b465ee728b)  -> (artifact id: '6c47be4a20ca5d0f4a16fd62b4eba4b8') in 0.013522 seconds
  Import took 0.015701 seconds .

========================================================================
Received Import Request.
  Time since last request: 0.000276 seconds.
  path: Assets/GUI Mobile Hyper-Casual/Font/Bumpo.ttf
  artifactKey: Guid(dca7afcde023a8a4a8aa8debbdbd5427) Importer(815301076,1909f56bfc062723c751e8b465ee728b)
Start importing Assets/GUI Mobile Hyper-Casual/Font/Bumpo.ttf using Guid(dca7afcde023a8a4a8aa8debbdbd5427) Importer(815301076,1909f56bfc062723c751e8b465ee728b)  -> (artifact id: '9d1f7e4d35f4c3689f6dadd06aaf6249') in 0.007503 seconds
  Import took 0.009553 seconds .

========================================================================
Received Import Request.
  Time since last request: 0.000203 seconds.
  path: Assets/GUI Mobile Hyper-Casual/Artwork PSD + Screens/PSD/Win.psd
  artifactKey: Guid(8af1cbe39ec74994d85767b95cbb4d59) Importer(815301076,1909f56bfc062723c751e8b465ee728b)
Start importing Assets/GUI Mobile Hyper-Casual/Artwork PSD + Screens/PSD/Win.psd using Guid(8af1cbe39ec74994d85767b95cbb4d59) Importer(815301076,1909f56bfc062723c751e8b465ee728b)  -> (artifact id: '1b692e6dc89647ad35183a8ef5d57b00') in 0.012453 seconds
  Import took 0.014703 seconds .

========================================================================
Received Import Request.
  Time since last request: 0.000234 seconds.
  path: Assets/Fonts/Baloo_Bhai_2/BalooBhai2-ExtraBold.ttf
  artifactKey: Guid(85e3dae594efbd24d9b5f8fdf1134906) Importer(815301076,1909f56bfc062723c751e8b465ee728b)
Start importing Assets/Fonts/Baloo_Bhai_2/BalooBhai2-ExtraBold.ttf using Guid(85e3dae594efbd24d9b5f8fdf1134906) Importer(815301076,1909f56bfc062723c751e8b465ee728b)  -> (artifact id: '9404ef7ba047140a97ec78400fecb01e') in 0.007092 seconds
  Import took 0.009479 seconds .

========================================================================
Received Import Request.
  Time since last request: 0.000171 seconds.
  path: Assets/GUI Mobile Hyper-Casual/Artwork PSD + Screens/SCREENS/Accueil.jpg
  artifactKey: Guid(068fbb8b35e6daa47beb2c3e5a503235) Importer(815301076,1909f56bfc062723c751e8b465ee728b)
Start importing Assets/GUI Mobile Hyper-Casual/Artwork PSD + Screens/SCREENS/Accueil.jpg using Guid(068fbb8b35e6daa47beb2c3e5a503235) Importer(815301076,1909f56bfc062723c751e8b465ee728b)  -> (artifact id: 'fada718e358bb860556cb493352fc6fd') in 0.012430 seconds
  Import took 0.014289 seconds .

========================================================================
Received Import Request.
  Time since last request: 0.000209 seconds.
  path: Assets/GUI Mobile Hyper-Casual/Artwork PSD + Screens/SCREENS/Customize.jpg
  artifactKey: Guid(bc85ad2252a8a2143b3da9ffd305b962) Importer(815301076,1909f56bfc062723c751e8b465ee728b)
Start importing Assets/GUI Mobile Hyper-Casual/Artwork PSD + Screens/SCREENS/Customize.jpg using Guid(bc85ad2252a8a2143b3da9ffd305b962) Importer(815301076,1909f56bfc062723c751e8b465ee728b)  -> (artifact id: 'c61ae8815ac813a5e14fbe48b31a937b') in 0.012833 seconds
  Import took 0.014992 seconds .

========================================================================
Received Import Request.
  Time since last request: 0.000195 seconds.
  path: Assets/GUI Mobile Hyper-Casual/Sprites/Additional White Icons/ArrowButtom.png
  artifactKey: Guid(777e7f4ab8517ef479cc6df2d091d95b) Importer(815301076,1909f56bfc062723c751e8b465ee728b)
Start importing Assets/GUI Mobile Hyper-Casual/Sprites/Additional White Icons/ArrowButtom.png using Guid(777e7f4ab8517ef479cc6df2d091d95b) Importer(815301076,1909f56bfc062723c751e8b465ee728b)  -> (artifact id: '239fe808a8bd57bbe1a261e97bc9e4ef') in 0.319004 seconds
  Import took 0.321810 seconds .

========================================================================
Received Import Request.
  Time since last request: 0.000252 seconds.
  path: Assets/GUI Mobile Hyper-Casual/Artwork PSD + Screens/SCREENS/Win 5.jpg
  artifactKey: Guid(84b435956ba14254bafae38a4726ff0b) Importer(815301076,1909f56bfc062723c751e8b465ee728b)
Start importing Assets/GUI Mobile Hyper-Casual/Artwork PSD + Screens/SCREENS/Win 5.jpg using Guid(84b435956ba14254bafae38a4726ff0b) Importer(815301076,1909f56bfc062723c751e8b465ee728b)  -> (artifact id: '5455cfacdb0e70b33208207e56c310d3') in 0.014226 seconds
  Import took 0.016378 seconds .

========================================================================
Received Import Request.
  Time since last request: 0.000384 seconds.
  path: Assets/GUI Mobile Hyper-Casual/Artwork PSD + Screens/PSD/Home.psd
  artifactKey: Guid(69de767565aa758489394386085f890b) Importer(815301076,1909f56bfc062723c751e8b465ee728b)
Start importing Assets/GUI Mobile Hyper-Casual/Artwork PSD + Screens/PSD/Home.psd using Guid(69de767565aa758489394386085f890b) Importer(815301076,1909f56bfc062723c751e8b465ee728b)  -> (artifact id: 'a6d8558e5b87efc58c245b403fdd1c8a') in 0.019700 seconds
  Import took 0.021857 seconds .

========================================================================
Received Import Request.
  Time since last request: 0.000249 seconds.
  path: Assets/GUI Mobile Hyper-Casual/Artwork PSD + Screens/SCREENS/Offline.jpg
  artifactKey: Guid(201fd7ce1b0b61243acda82db268f3e7) Importer(815301076,1909f56bfc062723c751e8b465ee728b)
Start importing Assets/GUI Mobile Hyper-Casual/Artwork PSD + Screens/SCREENS/Offline.jpg using Guid(201fd7ce1b0b61243acda82db268f3e7) Importer(815301076,1909f56bfc062723c751e8b465ee728b)  -> (artifact id: '9b3f93c13e5ed16574175a87bf75388a') in 0.015096 seconds
  Import took 0.017052 seconds .

========================================================================
Received Import Request.
  Time since last request: 0.000298 seconds.
  path: Assets/GUI Mobile Hyper-Casual/Artwork PSD + Screens/SCREENS/Boutons 1.jpg
  artifactKey: Guid(4d53d7a7bb04d70498d9653fdfb36be7) Importer(815301076,1909f56bfc062723c751e8b465ee728b)
Start importing Assets/GUI Mobile Hyper-Casual/Artwork PSD + Screens/SCREENS/Boutons 1.jpg using Guid(4d53d7a7bb04d70498d9653fdfb36be7) Importer(815301076,1909f56bfc062723c751e8b465ee728b)  -> (artifact id: 'b90f245872258e870bda7072994893be') in 0.013987 seconds
  Import took 0.016119 seconds .

========================================================================
Received Import Request.
  Time since last request: 29.762418 seconds.
  path: Assets/Animations/New Scene.unity
  artifactKey: Guid(872fc81380ded420685042729fa66029) Importer(815301076,1909f56bfc062723c751e8b465ee728b)
Start importing Assets/Animations/New Scene.unity using Guid(872fc81380ded420685042729fa66029) Importer(815301076,1909f56bfc062723c751e8b465ee728b)  -> (artifact id: '3d172cff7ba39a6fbeb0cd486711c935') in 0.002769 seconds
  Import took 0.005404 seconds .

========================================================================
Received Import Request.
  Time since last request: 0.001019 seconds.
  path: Assets/Animations/New Scene.unity
  artifactKey: Guid(872fc81380ded420685042729fa66029) Importer(815301076,1909f56bfc062723c751e8b465ee728b)
Start importing Assets/Animations/New Scene.unity using Guid(872fc81380ded420685042729fa66029) Importer(815301076,1909f56bfc062723c751e8b465ee728b)  -> (artifact id: '3d172cff7ba39a6fbeb0cd486711c935') in 0.000921 seconds
  Import took 0.003386 seconds .

